Arguments: 
  D:\node\node.exe D:\node\node_global\node_modules\yarn\bin\yarn.js add mysql@2.18.1

PATH: 
  C:\Program Files (x86)\Common Files\Oracle\Java\javapath;D:\东软实训\VMware\bin\;C:\;indows\system32;C:\Windows;C:\Windows\System32\Wbem;C:\Windows\System32\WindowsPowerShell\v1.0\;C:\Windows\System32\OpenSSH\;C:\Program Files (x86)\NVIDIA Corporation\PhysX\Common;C:\Program Files\NVIDIA Corporation\NVIDIA NvDLISR;C:\WINDOWS\system32;C:\WINDOWS;C:\WINDOWS\System32\Wbem;C:\WINDOWS\System32\WindowsPowerShell\v1.0\;C:\WINDOWS\System32\OpenSSH\;D:\东软实训\xshell\新建文件夹\;D:\东软实训\;ftp\;D:\Git\newgit\Git\cmd;"D:\java\jdk\bin;D:\java\jdk\jre\bin;";D:\东软实训\hadoop\hadoop-3.3.1\hadoop-3.3.1\bin;D:\东软实训\hadoop\hadoop-3.3.1\hadoop-3.3.1\sbin;D:\东软实训\apache\apache-maven-3.8.3-bin\apache-maven-3.8.3\bin;D:\node\node_global;D:\node;%NODEHOME%\bin;C:\Users\17004\AppData\Local\Programs\Python\Python39;C:\Users\17004\AppData\Local\Programs\Python\Python39\Scripts;D:\java\jdk\bin;D:\java\jdk\jre\bin;C:\Program Files\MySQL\MySQL Shell 8.0\bin\;C:\Users\17004\AppData\Local\Microsoft\WindowsApps;D:\VSCode-win32-x64-1.69.0\Microsoft VS Code\bin;C:\Users\17004\AppData\Roaming\npm

Yarn version: 
  1.22.19

Node version: 
  16.15.1

Platform: 
  win32 x64

Trace: 
  Error: certificate has expired
      at TLSSocket.onConnectSecure (node:_tls_wrap:1532:34)
      at TLSSocket.emit (node:events:527:28)
      at TLSSocket._finishInit (node:_tls_wrap:946:8)
      at TLSWrap.ssl.onhandshakedone (node:_tls_wrap:727:12)

npm manifest: 
  {
    "name": "api_server",
    "version": "1.0.0",
    "description": "",
    "main": "index.js",
    "scripts": {
      "test": "echo \"Error: no test specified\" && exit 1"
    },
    "keywords": [],
    "author": "",
    "license": "ISC",
    "dependencies": {
      "cors": "^2.8.5",
      "express": "^4.17.1"
    }
  }

yarn manifest: 
  No manifest

Lockfile: 
  No lockfile
